chunk-TYILIMWK.js?v=5fa92e71:21551 Download the React DevTools for a better development experience: https://reactjs.org/link/react-devtools
VM4 sandbox_bundle:2 Electron Security Warning (Insecure Content-Security-Policy) This renderer process has either no Content Security
  Policy set or a policy with "unsafe-eval" enabled. This exposes users of
  this app to unnecessary security risks.

For more information and help, consult
https://electronjs.org/docs/tutorial/security.
This warning will not show up
once the app is packaged.
warnAboutInsecureCSP @ VM4 sandbox_bundle:2
TileBar.tsx:92 Warning: React has detected a change in the order of Hooks called by TileBar. This will lead to bugs and errors if not fixed. For more information, read the Rules of Hooks: https://reactjs.org/link/rules-of-hooks

   Previous render            Next render
   ------------------------------------------------------
1. useRef                     useRef
2. useMemo                    useMemo
3. useSyncExternalStore       useSyncExternalStore
4. useEffect                  useEffect
5. useDebugValue              useDebugValue
6. useDebugValue              useDebugValue
7. useRef                     useRef
8. useMemo                    useMemo
9. useSyncExternalStore       useSyncExternalStore
10. useEffect                 useEffect
11. useDebugValue             useDebugValue
12. useDebugValue             useDebugValue
13. useRef                    useRef
14. useMemo                   useMemo
15. useSyncExternalStore      useSyncExternalStore
16. useEffect                 useEffect
17. useDebugValue             useDebugValue
18. useDebugValue             useDebugValue
19. useRef                    useRef
20. useMemo                   useMemo
21. useSyncExternalStore      useSyncExternalStore
22. useEffect                 useEffect
23. useDebugValue             useDebugValue
24. useDebugValue             useDebugValue
25. useRef                    useRef
26. useMemo                   useMemo
27. useSyncExternalStore      useSyncExternalStore
28. useEffect                 useEffect
29. useDebugValue             useDebugValue
30. useDebugValue             useDebugValue
31. useRef                    useRef
32. useMemo                   useMemo
33. useSyncExternalStore      useSyncExternalStore
34. useEffect                 useEffect
35. useDebugValue             useDebugValue
36. useDebugValue             useDebugValue
37. useRef                    useRef
38. useMemo                   useMemo
39. useSyncExternalStore      useSyncExternalStore
40. useEffect                 useEffect
41. useDebugValue             useDebugValue
42. useDebugValue             useDebugValue
43. useRef                    useRef
44. useMemo                   useMemo
45. useSyncExternalStore      useSyncExternalStore
46. useEffect                 useEffect
47. useDebugValue             useDebugValue
48. useDebugValue             useDebugValue
49. useMemo                   useMemo
50. useEffect                 useEffect
51. undefined                 useEffect
   ^^^^^^^^^^^^^^^^^^^^^^^^^^^^^^^^^^^^^^^^^^^^^^^^^^^^^^

    at TileBar (http://localhost:5173/src/renderer/ui/TileBar.tsx:67:20)
    at div
    at div
    at div
    at App (http://localhost:5173/src/renderer/App.tsx:380:16)
printWarning @ chunk-TYILIMWK.js?v=5fa92e71:521
error @ chunk-TYILIMWK.js?v=5fa92e71:505
warnOnHookMismatchInDev @ chunk-TYILIMWK.js?v=5fa92e71:11495
updateHookTypesDev @ chunk-TYILIMWK.js?v=5fa92e71:11465
useEffect @ chunk-TYILIMWK.js?v=5fa92e71:12702
useEffect @ chunk-CANBAPAS.js?v=5fa92e71:1078
TileBar @ TileBar.tsx:92
renderWithHooks @ chunk-TYILIMWK.js?v=5fa92e71:11548
updateFunctionComponent @ chunk-TYILIMWK.js?v=5fa92e71:14582
beginWork @ chunk-TYILIMWK.js?v=5fa92e71:15924
beginWork$1 @ chunk-TYILIMWK.js?v=5fa92e71:19753
performUnitOfWork @ chunk-TYILIMWK.js?v=5fa92e71:19198
workLoopSync @ chunk-TYILIMWK.js?v=5fa92e71:19137
renderRootSync @ chunk-TYILIMWK.js?v=5fa92e71:19116
performSyncWorkOnRoot @ chunk-TYILIMWK.js?v=5fa92e71:18874
flushSyncCallbacks @ chunk-TYILIMWK.js?v=5fa92e71:9119
(anonymous) @ chunk-TYILIMWK.js?v=5fa92e71:18627
Show 16 more frames
Show less
chunk-TYILIMWK.js?v=5fa92e71:11678 Uncaught Error: Rendered more hooks than during the previous render.
    at updateWorkInProgressHook (chunk-TYILIMWK.js?v=5fa92e71:11678:21)
    at updateEffectImpl (chunk-TYILIMWK.js?v=5fa92e71:12074:22)
    at updateEffect (chunk-TYILIMWK.js?v=5fa92e71:12099:18)
    at Object.useEffect (chunk-TYILIMWK.js?v=5fa92e71:12703:22)
    at useEffect (chunk-CANBAPAS.js?v=5fa92e71:1078:29)
    at TileBar (TileBar.tsx:92:3)
    at renderWithHooks (chunk-TYILIMWK.js?v=5fa92e71:11548:26)
    at updateFunctionComponent (chunk-TYILIMWK.js?v=5fa92e71:14582:28)
    at beginWork (chunk-TYILIMWK.js?v=5fa92e71:15924:22)
    at HTMLUnknownElement.callCallback2 (chunk-TYILIMWK.js?v=5fa92e71:3674:22)
updateWorkInProgressHook @ chunk-TYILIMWK.js?v=5fa92e71:11678
updateEffectImpl @ chunk-TYILIMWK.js?v=5fa92e71:12074
updateEffect @ chunk-TYILIMWK.js?v=5fa92e71:12099
useEffect @ chunk-TYILIMWK.js?v=5fa92e71:12703
useEffect @ chunk-CANBAPAS.js?v=5fa92e71:1078
TileBar @ TileBar.tsx:92
renderWithHooks @ chunk-TYILIMWK.js?v=5fa92e71:11548
updateFunctionComponent @ chunk-TYILIMWK.js?v=5fa92e71:14582
beginWork @ chunk-TYILIMWK.js?v=5fa92e71:15924
callCallback2 @ chunk-TYILIMWK.js?v=5fa92e71:3674
invokeGuardedCallbackDev @ chunk-TYILIMWK.js?v=5fa92e71:3699
invokeGuardedCallback @ chunk-TYILIMWK.js?v=5fa92e71:3733
beginWork$1 @ chunk-TYILIMWK.js?v=5fa92e71:19765
performUnitOfWork @ chunk-TYILIMWK.js?v=5fa92e71:19198
workLoopSync @ chunk-TYILIMWK.js?v=5fa92e71:19137
renderRootSync @ chunk-TYILIMWK.js?v=5fa92e71:19116
performSyncWorkOnRoot @ chunk-TYILIMWK.js?v=5fa92e71:18874
flushSyncCallbacks @ chunk-TYILIMWK.js?v=5fa92e71:9119
(anonymous) @ chunk-TYILIMWK.js?v=5fa92e71:18627
Show 18 more frames
Show less
chunk-TYILIMWK.js?v=5fa92e71:11678 Uncaught Error: Rendered more hooks than during the previous render.
    at updateWorkInProgressHook (chunk-TYILIMWK.js?v=5fa92e71:11678:21)
    at updateEffectImpl (chunk-TYILIMWK.js?v=5fa92e71:12074:22)
    at updateEffect (chunk-TYILIMWK.js?v=5fa92e71:12099:18)
    at Object.useEffect (chunk-TYILIMWK.js?v=5fa92e71:12703:22)
    at useEffect (chunk-CANBAPAS.js?v=5fa92e71:1078:29)
    at TileBar (TileBar.tsx:92:3)
    at renderWithHooks (chunk-TYILIMWK.js?v=5fa92e71:11548:26)
    at updateFunctionComponent (chunk-TYILIMWK.js?v=5fa92e71:14582:28)
    at beginWork (chunk-TYILIMWK.js?v=5fa92e71:15924:22)
    at HTMLUnknownElement.callCallback2 (chunk-TYILIMWK.js?v=5fa92e71:3674:22)
updateWorkInProgressHook @ chunk-TYILIMWK.js?v=5fa92e71:11678
updateEffectImpl @ chunk-TYILIMWK.js?v=5fa92e71:12074
updateEffect @ chunk-TYILIMWK.js?v=5fa92e71:12099
useEffect @ chunk-TYILIMWK.js?v=5fa92e71:12703
useEffect @ chunk-CANBAPAS.js?v=5fa92e71:1078
TileBar @ TileBar.tsx:92
renderWithHooks @ chunk-TYILIMWK.js?v=5fa92e71:11548
updateFunctionComponent @ chunk-TYILIMWK.js?v=5fa92e71:14582
beginWork @ chunk-TYILIMWK.js?v=5fa92e71:15924
callCallback2 @ chunk-TYILIMWK.js?v=5fa92e71:3674
invokeGuardedCallbackDev @ chunk-TYILIMWK.js?v=5fa92e71:3699
invokeGuardedCallback @ chunk-TYILIMWK.js?v=5fa92e71:3733
beginWork$1 @ chunk-TYILIMWK.js?v=5fa92e71:19765
performUnitOfWork @ chunk-TYILIMWK.js?v=5fa92e71:19198
workLoopSync @ chunk-TYILIMWK.js?v=5fa92e71:19137
renderRootSync @ chunk-TYILIMWK.js?v=5fa92e71:19116
recoverFromConcurrentError @ chunk-TYILIMWK.js?v=5fa92e71:18736
performSyncWorkOnRoot @ chunk-TYILIMWK.js?v=5fa92e71:18879
flushSyncCallbacks @ chunk-TYILIMWK.js?v=5fa92e71:9119
(anonymous) @ chunk-TYILIMWK.js?v=5fa92e71:18627
Show 19 more frames
Show less
chunk-TYILIMWK.js?v=5fa92e71:14032 The above error occurred in the <TileBar> component:

    at TileBar (http://localhost:5173/src/renderer/ui/TileBar.tsx:67:20)
    at div
    at div
    at div
    at App (http://localhost:5173/src/renderer/App.tsx:380:16)

Consider adding an error boundary to your tree to customize error handling behavior.
Visit https://reactjs.org/link/error-boundaries to learn more about error boundaries.
logCapturedError @ chunk-TYILIMWK.js?v=5fa92e71:14032
update.callback @ chunk-TYILIMWK.js?v=5fa92e71:14052
callCallback @ chunk-TYILIMWK.js?v=5fa92e71:11248
commitUpdateQueue @ chunk-TYILIMWK.js?v=5fa92e71:11265
commitLayoutEffectOnFiber @ chunk-TYILIMWK.js?v=5fa92e71:17093
commitLayoutMountEffects_complete @ chunk-TYILIMWK.js?v=5fa92e71:17980
commitLayoutEffects_begin @ chunk-TYILIMWK.js?v=5fa92e71:17969
commitLayoutEffects @ chunk-TYILIMWK.js?v=5fa92e71:17920
commitRootImpl @ chunk-TYILIMWK.js?v=5fa92e71:19353
commitRoot @ chunk-TYILIMWK.js?v=5fa92e71:19277
performSyncWorkOnRoot @ chunk-TYILIMWK.js?v=5fa92e71:18895
flushSyncCallbacks @ chunk-TYILIMWK.js?v=5fa92e71:9119
(anonymous) @ chunk-TYILIMWK.js?v=5fa92e71:18627
Show 13 more frames
Show less
chunk-TYILIMWK.js?v=5fa92e71:11678 Uncaught Error: Rendered more hooks than during the previous render.
    at updateWorkInProgressHook (chunk-TYILIMWK.js?v=5fa92e71:11678:21)
    at updateEffectImpl (chunk-TYILIMWK.js?v=5fa92e71:12074:22)
    at updateEffect (chunk-TYILIMWK.js?v=5fa92e71:12099:18)
    at Object.useEffect (chunk-TYILIMWK.js?v=5fa92e71:12703:22)
    at useEffect (chunk-CANBAPAS.js?v=5fa92e71:1078:29)
    at TileBar (TileBar.tsx:92:3)
    at renderWithHooks (chunk-TYILIMWK.js?v=5fa92e71:11548:26)
    at updateFunctionComponent (chunk-TYILIMWK.js?v=5fa92e71:14582:28)
    at beginWork (chunk-TYILIMWK.js?v=5fa92e71:15924:22)
    at beginWork$1 (chunk-TYILIMWK.js?v=5fa92e71:19753:22)
updateWorkInProgressHook @ chunk-TYILIMWK.js?v=5fa92e71:11678
updateEffectImpl @ chunk-TYILIMWK.js?v=5fa92e71:12074
updateEffect @ chunk-TYILIMWK.js?v=5fa92e71:12099
useEffect @ chunk-TYILIMWK.js?v=5fa92e71:12703
useEffect @ chunk-CANBAPAS.js?v=5fa92e71:1078
TileBar @ TileBar.tsx:92
renderWithHooks @ chunk-TYILIMWK.js?v=5fa92e71:11548
updateFunctionComponent @ chunk-TYILIMWK.js?v=5fa92e71:14582
beginWork @ chunk-TYILIMWK.js?v=5fa92e71:15924
beginWork$1 @ chunk-TYILIMWK.js?v=5fa92e71:19753
performUnitOfWork @ chunk-TYILIMWK.js?v=5fa92e71:19198
workLoopSync @ chunk-TYILIMWK.js?v=5fa92e71:19137
renderRootSync @ chunk-TYILIMWK.js?v=5fa92e71:19116
recoverFromConcurrentError @ chunk-TYILIMWK.js?v=5fa92e71:18736
performSyncWorkOnRoot @ chunk-TYILIMWK.js?v=5fa92e71:18879
flushSyncCallbacks @ chunk-TYILIMWK.js?v=5fa92e71:9119
(anonymous) @ chunk-TYILIMWK.js?v=5fa92e71:18627
Show 16 more frames
Show less
